{"/Users/bucchiarone/Documents/Personali/IS-22_23/13_Testing/tests/someModule.js": {"path":"/Users/bucchiarone/Documents/Personali/IS-22_23/13_Testing/tests/someModule.js","statementMap":{"0":{"start":{"line":1,"column":36},"end":{"line":1,"column":53}},"1":{"start":{"line":2,"column":0},"end":{"line":2,"column":35}}},"fnMap":{"0":{"name":"concatenateStrings","decl":{"start":{"line":1,"column":9},"end":{"line":1,"column":27}},"loc":{"start":{"line":1,"column":34},"end":{"line":1,"column":55}},"line":1}},"branchMap":{},"s":{"0":3,"1":1},"f":{"0":3},"b":{},"_coverageSchema":"1a1c01bbd47fc00a2c39e90264f33305004495a9","hash":"2d2ce2c87fe009751a5cbde95ed8a99d2e0c6792"}
,"/Users/bucchiarone/Documents/Personali/IS-22_23/13_Testing/tests/sum.js": {"path":"/Users/bucchiarone/Documents/Personali/IS-22_23/13_Testing/tests/sum.js","statementMap":{"0":{"start":{"line":2,"column":4},"end":{"line":2,"column":17}},"1":{"start":{"line":4,"column":0},"end":{"line":4,"column":21}}},"fnMap":{"0":{"name":"sum","decl":{"start":{"line":1,"column":9},"end":{"line":1,"column":12}},"loc":{"start":{"line":1,"column":19},"end":{"line":3,"column":1}},"line":1}},"branchMap":{},"s":{"0":1,"1":1},"f":{"0":1},"b":{},"_coverageSchema":"1a1c01bbd47fc00a2c39e90264f33305004495a9","hash":"26cd520407e5e8f673fe1510b02098bf96e7a003"}
}
