{"/Users/bucchiarone/Documents/Personali/IS-22_23/13_Testing/tests/function.js": {"path":"/Users/bucchiarone/Documents/Personali/IS-22_23/13_Testing/tests/function.js","statementMap":{"0":{"start":{"line":1,"column":0},"end":{"line":16,"column":1}},"1":{"start":{"line":2,"column":17},"end":{"line":5,"column":5}},"2":{"start":{"line":7,"column":4},"end":{"line":13,"column":5}},"3":{"start":{"line":8,"column":27},"end":{"line":8,"column":29}},"4":{"start":{"line":10,"column":8},"end":{"line":10,"column":54}},"5":{"start":{"line":10,"column":24},"end":{"line":10,"column":54}},"6":{"start":{"line":11,"column":8},"end":{"line":11,"column":56}},"7":{"start":{"line":12,"column":8},"end":{"line":12,"column":48}},"8":{"start":{"line":15,"column":4},"end":{"line":15,"column":18}}},"fnMap":{"0":{"name":"(anonymous_0)","decl":{"start":{"line":1,"column":32},"end":{"line":1,"column":33}},"loc":{"start":{"line":1,"column":90},"end":{"line":16,"column":1}},"line":1}},"branchMap":{"0":{"loc":{"start":{"line":1,"column":49},"end":{"line":1,"column":66}},"type":"default-arg","locations":[{"start":{"line":1,"column":61},"end":{"line":1,"column":66}}],"line":1},"1":{"loc":{"start":{"line":1,"column":68},"end":{"line":1,"column":85}},"type":"default-arg","locations":[{"start":{"line":1,"column":81},"end":{"line":1,"column":85}}],"line":1},"2":{"loc":{"start":{"line":3,"column":16},"end":{"line":3,"column":66}},"type":"cond-expr","locations":[{"start":{"line":3,"column":28},"end":{"line":3,"column":48}},{"start":{"line":3,"column":51},"end":{"line":3,"column":66}}],"line":3},"3":{"loc":{"start":{"line":7,"column":4},"end":{"line":13,"column":5}},"type":"if","locations":[{"start":{"line":7,"column":4},"end":{"line":13,"column":5}},{"start":{},"end":{}}],"line":7},"4":{"loc":{"start":{"line":10,"column":8},"end":{"line":10,"column":54}},"type":"if","locations":[{"start":{"line":10,"column":8},"end":{"line":10,"column":54}},{"start":{},"end":{}}],"line":10}},"s":{"0":1,"1":4,"2":4,"3":3,"4":3,"5":2,"6":3,"7":3,"8":4},"f":{"0":4},"b":{"0":[2],"1":[3],"2":[1,3],"3":[3,1],"4":[2,1]},"_coverageSchema":"1a1c01bbd47fc00a2c39e90264f33305004495a9","hash":"8a7b527a85323db51b1602c2697b8d7233e31c59"}
,"/Users/bucchiarone/Documents/Personali/IS-22_23/13_Testing/tests/someModule.js": {"path":"/Users/bucchiarone/Documents/Personali/IS-22_23/13_Testing/tests/someModule.js","statementMap":{"0":{"start":{"line":1,"column":36},"end":{"line":1,"column":53}},"1":{"start":{"line":2,"column":0},"end":{"line":2,"column":35}}},"fnMap":{"0":{"name":"concatenateStrings","decl":{"start":{"line":1,"column":9},"end":{"line":1,"column":27}},"loc":{"start":{"line":1,"column":34},"end":{"line":1,"column":55}},"line":1}},"branchMap":{},"s":{"0":3,"1":1},"f":{"0":3},"b":{},"_coverageSchema":"1a1c01bbd47fc00a2c39e90264f33305004495a9","hash":"2d2ce2c87fe009751a5cbde95ed8a99d2e0c6792"}
,"/Users/bucchiarone/Documents/Personali/IS-22_23/13_Testing/tests/sum.js": {"path":"/Users/bucchiarone/Documents/Personali/IS-22_23/13_Testing/tests/sum.js","statementMap":{"0":{"start":{"line":2,"column":4},"end":{"line":2,"column":17}},"1":{"start":{"line":4,"column":0},"end":{"line":4,"column":21}}},"fnMap":{"0":{"name":"sum","decl":{"start":{"line":1,"column":9},"end":{"line":1,"column":12}},"loc":{"start":{"line":1,"column":19},"end":{"line":3,"column":1}},"line":1}},"branchMap":{},"s":{"0":1,"1":1},"f":{"0":1},"b":{},"_coverageSchema":"1a1c01bbd47fc00a2c39e90264f33305004495a9","hash":"26cd520407e5e8f673fe1510b02098bf96e7a003"}
}
