TN:
SF:function.js
FN:1,(anonymous_0)
FNF:1
FNH:1
FNDA:4,(anonymous_0)
DA:1,1
DA:2,4
DA:7,4
DA:8,3
DA:10,3
DA:11,3
DA:12,3
DA:15,4
LF:8
LH:8
BRDA:1,0,0,2
BRDA:1,1,0,3
BRDA:3,2,0,1
BRDA:3,2,1,3
BRDA:7,3,0,3
BRDA:7,3,1,1
BRDA:10,4,0,2
BRDA:10,4,1,1
BRF:8
BRH:8
end_of_record
TN:
SF:someModule.js
FN:1,concatenateStrings
FNF:1
FNH:1
FNDA:3,concatenateStrings
DA:1,3
DA:2,1
LF:2
LH:2
BRF:0
BRH:0
end_of_record
TN:
SF:sum.js
FN:1,sum
FNF:1
FNH:1
FNDA:1,sum
DA:2,1
DA:4,1
LF:2
LH:2
BRF:0
BRH:0
end_of_record
